2026-04-06 09:30:29 | INFO | Loading data...
2026-04-06 09:30:29 | INFO | Total samples: 1038 | Classes: [np.int64(0), np.int64(1), np.int64(2), np.int64(3)]
2026-04-06 09:30:29 | INFO | Label distribution:
label
MARKET SIGNALS           275
NOISE                    275
DEEP DIVE                257
SOLUTIONS & USE CASES    231
2026-04-06 09:30:29 | INFO | Train: 830 | Test: 208
2026-04-06 09:30:29 | INFO | [LinearSVC] Training started...
2026-04-06 09:30:31 | INFO | [LinearSVC] Done in 1.42s | Accuracy: 0.8510
2026-04-06 09:30:31 | INFO | [LinearSVC] Classification Report:
              precision    recall  f1-score   support

           0       0.98      0.96      0.97        52
           1       0.71      0.91      0.80        55
           2       0.96      0.78      0.86        55
           3       0.81      0.74      0.77        46

    accuracy                           0.85       208
   macro avg       0.86      0.85      0.85       208
weighted avg       0.87      0.85      0.85       208

2026-04-06 09:30:31 | INFO | [LogisticRegression] Training started...
2026-04-06 09:30:33 | INFO | [LogisticRegression] Done in 1.74s | Accuracy: 0.8173
2026-04-06 09:30:33 | INFO | [LogisticRegression] Classification Report:
              precision    recall  f1-score   support

           0       0.98      0.92      0.95        52
           1       0.66      0.89      0.76        55
           2       0.93      0.73      0.82        55
           3       0.79      0.72      0.75        46

    accuracy                           0.82       208
   macro avg       0.84      0.81      0.82       208
weighted avg       0.84      0.82      0.82       208

2026-04-06 09:30:33 | INFO | [RandomForest] Training started...
2026-04-06 09:30:36 | INFO | [RandomForest] Done in 2.92s | Accuracy: 0.7981
2026-04-06 09:30:36 | INFO | [RandomForest] Classification Report:
              precision    recall  f1-score   support

           0       0.98      0.90      0.94        52
           1       0.63      0.93      0.75        55
           2       0.90      0.69      0.78        55
           3       0.81      0.65      0.72        46

    accuracy                           0.80       208
   macro avg       0.83      0.79      0.80       208
weighted avg       0.83      0.80      0.80       208

2026-04-06 09:30:36 | INFO | [*] BEST MODEL (LinearSVC) saved for Vertex AI -> src/ML/Training\model.joblib
2026-04-06 09:30:36 | INFO | ==================================================
2026-04-06 09:30:36 | INFO | SUMMARY
2026-04-06 09:30:36 | INFO |   LinearSVC                 Accuracy: 0.8510
2026-04-06 09:30:36 | INFO |   LogisticRegression        Accuracy: 0.8173
2026-04-06 09:30:36 | INFO |   RandomForest              Accuracy: 0.7981
2026-04-06 09:30:36 | INFO | Log saved -> src/ML/Training\train_20260406_093029.log
2026-04-06 09:30:36 | INFO | ==================================================
