2026-05-16 23:44:59 | INFO | Loading data...
2026-05-16 23:44:59 | INFO | Total samples: 1038 | Classes: [np.int64(0), np.int64(1), np.int64(2), np.int64(3)]
2026-05-16 23:44:59 | INFO | Label distribution:
label
MARKET SIGNALS           275
NOISE                    275
DEEP DIVE                257
SOLUTIONS & USE CASES    231
2026-05-16 23:44:59 | INFO | Train: 830 | Test: 208
2026-05-16 23:44:59 | INFO | Fitting TF-IDF vectorizer (ngram 1-2, max_features=30000)...
2026-05-16 23:45:01 | INFO | TF-IDF done in 1.96s | Vocab size: 30000
2026-05-16 23:45:01 | INFO | [LinearSVC] Training started...
2026-05-16 23:45:01 | INFO | [LinearSVC] Done in 0.12s | Accuracy: 0.8510
2026-05-16 23:45:01 | INFO | [LinearSVC] Classification Report:
              precision    recall  f1-score   support

           0       0.98      0.96      0.97        52
           1       0.71      0.91      0.80        55
           2       0.96      0.78      0.86        55
           3       0.81      0.74      0.77        46

    accuracy                           0.85       208
   macro avg       0.86      0.85      0.85       208
weighted avg       0.87      0.85      0.85       208

2026-05-16 23:45:01 | INFO | [LinearSVC] Model saved -> src/ML/Training/LinearSVC.joblib
2026-05-16 23:45:01 | INFO | [LogisticRegression] Training started...
2026-05-16 23:45:05 | INFO | [LogisticRegression] Done in 4.29s | Accuracy: 0.8173
2026-05-16 23:45:05 | INFO | [LogisticRegression] Classification Report:
              precision    recall  f1-score   support

           0       0.98      0.92      0.95        52
           1       0.66      0.89      0.76        55
           2       0.93      0.73      0.82        55
           3       0.79      0.72      0.75        46

    accuracy                           0.82       208
   macro avg       0.84      0.81      0.82       208
weighted avg       0.84      0.82      0.82       208

2026-05-16 23:45:05 | INFO | [LogisticRegression] Model saved -> src/ML/Training/LogisticRegression.joblib
2026-05-16 23:45:05 | INFO | [MultinomialNB] Training started...
2026-05-16 23:45:05 | INFO | [MultinomialNB] Done in 0.03s | Accuracy: 0.7692
2026-05-16 23:45:05 | INFO | [MultinomialNB] Classification Report:
              precision    recall  f1-score   support

           0       0.92      0.92      0.92        52
           1       0.60      0.95      0.73        55
           2       0.94      0.56      0.70        55
           3       0.81      0.63      0.71        46

    accuracy                           0.77       208
   macro avg       0.82      0.77      0.77       208
weighted avg       0.82      0.77      0.77       208

2026-05-16 23:45:05 | INFO | [MultinomialNB] Model saved -> src/ML/Training/MultinomialNB.joblib
2026-05-16 23:45:05 | INFO | [ComplementNB] Training started...
2026-05-16 23:45:05 | INFO | [ComplementNB] Done in 0.01s | Accuracy: 0.7692
2026-05-16 23:45:05 | INFO | [ComplementNB] Classification Report:
              precision    recall  f1-score   support

           0       0.92      0.92      0.92        52
           1       0.61      0.93      0.73        55
           2       0.94      0.56      0.70        55
           3       0.77      0.65      0.71        46

    accuracy                           0.77       208
   macro avg       0.81      0.77      0.77       208
weighted avg       0.81      0.77      0.77       208

2026-05-16 23:45:05 | INFO | [ComplementNB] Model saved -> src/ML/Training/ComplementNB.joblib
2026-05-16 23:45:05 | INFO | [BernoulliNB] Training started...
2026-05-16 23:45:05 | INFO | [BernoulliNB] Done in 0.01s | Accuracy: 0.7644
2026-05-16 23:45:05 | INFO | [BernoulliNB] Classification Report:
              precision    recall  f1-score   support

           0       0.96      0.88      0.92        52
           1       0.69      0.75      0.72        55
           2       0.67      0.87      0.76        55
           3       0.83      0.52      0.64        46

    accuracy                           0.76       208
   macro avg       0.79      0.76      0.76       208
weighted avg       0.78      0.76      0.76       208

2026-05-16 23:45:05 | INFO | [BernoulliNB] Model saved -> src/ML/Training/BernoulliNB.joblib
2026-05-16 23:45:05 | INFO | [DecisionTree] Training started...
2026-05-16 23:45:06 | INFO | [DecisionTree] Done in 0.68s | Accuracy: 0.7404
2026-05-16 23:45:06 | INFO | [DecisionTree] Classification Report:
              precision    recall  f1-score   support

           0       0.90      0.87      0.88        52
           1       0.61      0.73      0.66        55
           2       0.85      0.75      0.80        55
           3       0.64      0.61      0.62        46

    accuracy                           0.74       208
   macro avg       0.75      0.74      0.74       208
weighted avg       0.75      0.74      0.74       208

2026-05-16 23:45:06 | INFO | [DecisionTree] Model saved -> src/ML/Training/DecisionTree.joblib
2026-05-16 23:45:06 | INFO | [RandomForest] Training started...
2026-05-16 23:45:08 | INFO | [RandomForest] Done in 2.29s | Accuracy: 0.7981
2026-05-16 23:45:08 | INFO | [RandomForest] Classification Report:
              precision    recall  f1-score   support

           0       0.98      0.90      0.94        52
           1       0.63      0.93      0.75        55
           2       0.90      0.69      0.78        55
           3       0.81      0.65      0.72        46

    accuracy                           0.80       208
   macro avg       0.83      0.79      0.80       208
weighted avg       0.83      0.80      0.80       208

2026-05-16 23:45:08 | INFO | [RandomForest] Model saved -> src/ML/Training/RandomForest.joblib
2026-05-16 23:45:08 | INFO | [KNeighbors] Training started...
2026-05-16 23:45:09 | INFO | [KNeighbors] Done in 0.00s | Accuracy: 0.7596
2026-05-16 23:45:09 | INFO | [KNeighbors] Classification Report:
              precision    recall  f1-score   support

           0       0.86      0.94      0.90        52
           1       0.63      0.85      0.72        55
           2       0.90      0.65      0.76        55
           3       0.72      0.57      0.63        46

    accuracy                           0.76       208
   macro avg       0.78      0.75      0.75       208
weighted avg       0.78      0.76      0.76       208

2026-05-16 23:45:09 | INFO | [KNeighbors] Model saved -> src/ML/Training/KNeighbors.joblib
2026-05-16 23:45:09 | INFO | Vectorizer saved -> src/ML/Training/tfidf_vectorizer.joblib
2026-05-16 23:45:09 | INFO | ==================================================
2026-05-16 23:45:09 | INFO | SUMMARY
2026-05-16 23:45:09 | INFO |   LinearSVC                 Accuracy: 0.8510
2026-05-16 23:45:09 | INFO |   LogisticRegression        Accuracy: 0.8173
2026-05-16 23:45:09 | INFO |   RandomForest              Accuracy: 0.7981
2026-05-16 23:45:09 | INFO |   MultinomialNB             Accuracy: 0.7692
2026-05-16 23:45:09 | INFO |   ComplementNB              Accuracy: 0.7692
2026-05-16 23:45:09 | INFO |   BernoulliNB               Accuracy: 0.7644
2026-05-16 23:45:09 | INFO |   KNeighbors                Accuracy: 0.7596
2026-05-16 23:45:09 | INFO |   DecisionTree              Accuracy: 0.7404
2026-05-16 23:45:09 | INFO | Log saved -> src/ML/Training/train_20260516_234459.log
2026-05-16 23:45:09 | INFO | ==================================================
